Determining if the function sgemm_ exists failed with the following output:
Change Dir: /home/arch/Documents/OpenCL-Graph/build/CMakeFiles/CMakeTmp

Run Build Command(s):/usr/bin/ninja cmTC_87f14 && [1/2] Building C object CMakeFiles/cmTC_87f14.dir/CheckFunctionExists.c.o
[2/2] Linking C executable cmTC_87f14
FAILED: cmTC_87f14 
: && /usr/lib/ccache/bin/clang -DCHECK_FUNCTION_EXISTS=sgemm_  CMakeFiles/cmTC_87f14.dir/CheckFunctionExists.c.o -o cmTC_87f14   && :
ld: error: undefined symbol: sgemm_
>>> referenced by CheckFunctionExists.c
>>>               CMakeFiles/cmTC_87f14.dir/CheckFunctionExists.c.o:(main)
clang-14: error: linker command failed with exit code 1 (use -v to see invocation)
ninja: build stopped: subcommand failed.



Determining if the function cheev_ exists failed with the following output:
Change Dir: /home/arch/Documents/OpenCL-Graph/build/CMakeFiles/CMakeTmp

Run Build Command(s):/usr/bin/ninja cmTC_467b4 && [1/2] Building C object CMakeFiles/cmTC_467b4.dir/CheckFunctionExists.c.o
[2/2] Linking C executable cmTC_467b4
FAILED: cmTC_467b4 
: && /usr/lib/ccache/bin/clang -DCHECK_FUNCTION_EXISTS=cheev_  CMakeFiles/cmTC_467b4.dir/CheckFunctionExists.c.o -o cmTC_467b4  /usr/lib/libblas.so  -lm  -ldl && :
ld: error: undefined symbol: cheev_
>>> referenced by CheckFunctionExists.c
>>>               CMakeFiles/cmTC_467b4.dir/CheckFunctionExists.c.o:(main)
>>> did you mean: chemv_
>>> defined in: /usr/lib/libblas.so
clang-14: error: linker command failed with exit code 1 (use -v to see invocation)
ninja: build stopped: subcommand failed.



Determining if the function cheev_ exists failed with the following output:
Change Dir: /home/arch/Documents/OpenCL-Graph/build/CMakeFiles/CMakeTmp

Run Build Command(s):/usr/bin/ninja cmTC_9ef4a && [1/2] Building C object CMakeFiles/cmTC_9ef4a.dir/CheckFunctionExists.c.o
[2/2] Linking C executable cmTC_9ef4a
FAILED: cmTC_9ef4a 
: && /usr/lib/ccache/bin/clang -DCHECK_FUNCTION_EXISTS=cheev_  CMakeFiles/cmTC_9ef4a.dir/CheckFunctionExists.c.o -o cmTC_9ef4a  /usr/lib/liblapack.so  /usr/lib/libblas.so  -fortranlibs && :
clang-14: error: unknown argument: '-fortranlibs'
ninja: build stopped: subcommand failed.



